CPXPARAM_TimeLimit                               600
CPXPARAM_WorkMem                                 4096
CPXPARAM_Threads                                 1
Found incumbent of value 0,000000 after 0,00 sec. (0,01 ticks)
Tried aggregator 1 time.
MIP Presolve eliminated 13 rows and 61 columns.
MIP Presolve modified 1 coefficients.
Reduced MIP has 27 rows, 67 columns, and 121 nonzeros.
Reduced MIP has 67 binaries, 0 generals, 0 SOSs, and 0 indicators.
Presolve time = 0,00 sec. (0,32 ticks)
Probing time = 0,00 sec. (0,02 ticks)
Tried aggregator 1 time.
MIP Presolve eliminated 20 rows and 50 columns.
MIP Presolve added 1 rows and 1 columns.
Reduced MIP has 8 rows, 18 columns, and 34 nonzeros.
Reduced MIP has 17 binaries, 1 generals, 0 SOSs, and 0 indicators.
Presolve time = 0,00 sec. (0,05 ticks)
Probing time = 0,00 sec. (0,00 ticks)
Tried aggregator 1 time.
MIP Presolve eliminated 1 rows and 1 columns.
MIP Presolve added 1 rows and 1 columns.
Reduced MIP has 8 rows, 18 columns, and 34 nonzeros.
Reduced MIP has 17 binaries, 1 generals, 0 SOSs, and 0 indicators.
Presolve time = 0,00 sec. (0,03 ticks)
Probing time = 0,00 sec. (0,00 ticks)
Clique table members: 6.
MIP emphasis: balance optimality and feasibility.
MIP search method: dynamic search.
Parallel mode: none, using 1 thread.
Root relaxation solution time = 0,00 sec. (0,02 ticks)

        Nodes                                         Cuts/
   Node  Left     Objective  IInf  Best Integer    Best Bound    ItCnt     Gap

*     0+    0                          306,0000      513,0000            67,65%
      0     0      399,3704     1      306,0000      399,3704        4   30,51%
*     0+    0                          394,0000      399,3704             1,36%
      0     0      396,6923     3      394,0000       Cuts: 2        6    0,68%
*     0     0      integral     0      396,0000       Cuts: 3        8    0,00%
      0     0        cutoff            396,0000      396,0000        8    0,00%
Elapsed time = 0,01 sec. (3,82 ticks, tree = 0,01 MB, solutions = 4)

GUB cover cuts applied:  1
Flow cuts applied:  1
Zero-half cuts applied:  1
Gomory fractional cuts applied:  1

Root node processing (before b&c):
  Real time             =    0,01 sec. (3,83 ticks)
Sequential b&c:
  Real time             =    0,00 sec. (0,00 ticks)
                          ------------
Total (root+branch&cut) =    0,01 sec. (3,83 ticks)
